# JRE version: OpenJDK Runtime Environment Temurin-21.0.11+10 (21.0.11+10) (build 21.0.11+10-LTS)
# Java VM: OpenJDK 64-Bit Server VM Temurin-21.0.11+10 (21.0.11+10-LTS, mixed mode, sharing, tiered, compressed oops, compressed class ptrs, parallel gc, windows-amd64)
GC Precious Log:
 CardTable entry size: 512
 CPUs: 4 total, 4 available
 Memory: 18381M
 Large Page Support: Disabled
 NUMA Support: Disabled
 Compressed Oops: Enabled (32-bit)
 Alignments: Space 512K, Generation 512K, Heap 2M
 Heap Min Capacity: 100M
 Heap Initial Capacity: 100M
 Heap Max Capacity: 2G
 Pre-touch: Disabled
 Parallel Workers: 4
Heap:
 PSYoungGen      total 6144K, used 4749K [0x00000000d5580000, 0x00000000d6080000, 0x0000000100000000)
  eden space 5120K, 73% used [0x00000000d5580000,0x00000000d5927240,0x00000000d5a80000)
  from space 1024K, 98% used [0x00000000d5e80000,0x00000000d5f7c2f0,0x00000000d5f80000)
  to   space 3072K, 0% used [0x00000000d5a80000,0x00000000d5a80000,0x00000000d5d80000)
 ParOldGen       total 404480K, used 404362K [0x0000000080000000, 0x0000000098b00000, 0x00000000d5580000)
  object space 404480K, 99% used [0x0000000080000000,0x0000000098ae2928,0x0000000098b00000)
 Metaspace       used 56059K, committed 57280K, reserved 1114112K
  class space    used 6192K, committed 6720K, reserved 1048576K
GC Heap History (20 events):
Event: 405.890 GC heap before
{Heap before GC invocations=265 (full 2):
 PSYoungGen      total 5632K, used 5344K [0x00000000d5580000, 0x00000000d5f80000, 0x0000000100000000)
  eden space 5120K, 100% used [0x00000000d5580000,0x00000000d5a80000,0x00000000d5a80000)
  from space 512K, 43% used [0x00000000d5f00000,0x00000000d5f38000,0x00000000d5f80000)
  to   space 512K, 0% used [0x00000000d5e80000,0x00000000d5e80000,0x00000000d5f00000)
 ParOldGen       total 401408K, used 400958K [0x0000000080000000, 0x0000000098800000, 0x00000000d5580000)
  object space 401408K, 99% used [0x0000000080000000,0x000000009878f958,0x0000000098800000)
 Metaspace       used 53040K, committed 54272K, reserved 1114112K
  class space    used 5812K, committed 6336K, reserved 1048576K
}
Event: 405.892 GC heap after
{Heap after GC invocations=265 (full 2):
 PSYoungGen      total 5632K, used 96K [0x00000000d5580000, 0x00000000d5f80000, 0x0000000100000000)
  eden space 5120K, 0% used [0x00000000d5580000,0x00000000d5580000,0x00000000d5a80000)
  from space 512K, 18% used [0x00000000d5e80000,0x00000000d5e98000,0x00000000d5f00000)
  to   space 512K, 0% used [0x00000000d5f00000,0x00000000d5f00000,0x00000000d5f80000)
 ParOldGen       total 401408K, used 401150K [0x0000000080000000, 0x0000000098800000, 0x00000000d5580000)
  object space 401408K, 99% used [0x0000000080000000,0x00000000987bf958,0x0000000098800000)
 Metaspace       used 53040K, committed 54272K, reserved 1114112K
  class space    used 5812K, committed 6336K, reserved 1048576K
}
Event: 406.048 GC heap before
{Heap before GC invocations=266 (full 2):
 PSYoungGen      total 5632K, used 5216K [0x00000000d5580000, 0x00000000d5f80000, 0x0000000100000000)
  eden space 5120K, 100% used [0x00000000d5580000,0x00000000d5a80000,0x00000000d5a80000)
  from space 512K, 18% used [0x00000000d5e80000,0x00000000d5e98000,0x00000000d5f00000)
  to   space 512K, 0% used [0x00000000d5f00000,0x00000000d5f00000,0x00000000d5f80000)
 ParOldGen       total 401408K, used 401150K [0x0000000080000000, 0x0000000098800000, 0x00000000d5580000)
  object space 401408K, 99% used [0x0000000080000000,0x00000000987bf958,0x0000000098800000)
 Metaspace       used 53108K, committed 54400K, reserved 1114112K
  class space    used 5818K, committed 6400K, reserved 1048576K
}
Event: 406.049 GC heap after
{Heap after GC invocations=266 (full 2):
 PSYoungGen      total 5632K, used 128K [0x00000000d5580000, 0x00000000d5f80000, 0x0000000100000000)
  eden space 5120K, 0% used [0x00000000d5580000,0x00000000d5580000,0x00000000d5a80000)
  from space 512K, 25% used [0x00000000d5f00000,0x00000000d5f20000,0x00000000d5f80000)
  to   space 512K, 0% used [0x00000000d5e80000,0x00000000d5e80000,0x00000000d5f00000)
 ParOldGen       total 401408K, used 401198K [0x0000000080000000, 0x0000000098800000, 0x00000000d5580000)
  object space 401408K, 99% used [0x0000000080000000,0x00000000987cb958,0x0000000098800000)
 Metaspace       used 53108K, committed 54400K, reserved 1114112K
  class space    used 5818K, committed 6400K, reserved 1048576K
}
Event: 406.272 GC heap before
{Heap before GC invocations=267 (full 2):
 PSYoungGen      total 5632K, used 5248K [0x00000000d5580000, 0x00000000d5f80000, 0x0000000100000000)
  eden space 5120K, 100% used [0x00000000d5580000,0x00000000d5a80000,0x00000000d5a80000)
  from space 512K, 25% used [0x00000000d5f00000,0x00000000d5f20000,0x00000000d5f80000)
  to   space 512K, 0% used [0x00000000d5e80000,0x00000000d5e80000,0x00000000d5f00000)
 ParOldGen       total 401408K, used 401198K [0x0000000080000000, 0x0000000098800000, 0x00000000d5580000)
  object space 401408K, 99% used [0x0000000080000000,0x00000000987cb958,0x0000000098800000)
 Metaspace       used 53191K, committed 54464K, reserved 1114112K
  class space    used 5830K, committed 6400K, reserved 1048576K
}
Event: 406.274 GC heap after
{Heap after GC invocations=267 (full 2):
 PSYoungGen      total 5632K, used 120K [0x00000000d5580000, 0x00000000d5f80000, 0x0000000100000000)
  eden space 5120K, 0% used [0x00000000d5580000,0x00000000d5580000,0x00000000d5a80000)
  from space 512K, 23% used [0x00000000d5e80000,0x00000000d5e9e1b8,0x00000000d5f00000)
  to   space 512K, 0% used [0x00000000d5f00000,0x00000000d5f00000,0x00000000d5f80000)
 ParOldGen       total 401408K, used 401222K [0x0000000080000000, 0x0000000098800000, 0x00000000d5580000)
  object space 401408K, 99% used [0x0000000080000000,0x00000000987d1958,0x0000000098800000)
 Metaspace       used 53191K, committed 54464K, reserved 1114112K
  class space    used 5830K, committed 6400K, reserved 1048576K
}
Event: 406.322 GC heap before
{Heap before GC invocations=268 (full 2):
 PSYoungGen      total 5632K, used 5240K [0x00000000d5580000, 0x00000000d5f80000, 0x0000000100000000)
  eden space 5120K, 100% used [0x00000000d5580000,0x00000000d5a80000,0x00000000d5a80000)
  from space 512K, 23% used [0x00000000d5e80000,0x00000000d5e9e1b8,0x00000000d5f00000)
  to   space 512K, 0% used [0x00000000d5f00000,0x00000000d5f00000,0x00000000d5f80000)
 ParOldGen       total 401408K, used 401222K [0x0000000080000000, 0x0000000098800000, 0x00000000d5580000)
  object space 401408K, 99% used [0x0000000080000000,0x00000000987d1958,0x0000000098800000)
 Metaspace       used 53807K, committed 55040K, reserved 1114112K
  class space    used 5931K, committed 6464K, reserved 1048576K
}
Event: 406.324 GC heap after
{Heap after GC invocations=268 (full 2):
 PSYoungGen      total 5632K, used 297K [0x00000000d5580000, 0x00000000d5f80000, 0x0000000100000000)
  eden space 5120K, 0% used [0x00000000d5580000,0x00000000d5580000,0x00000000d5a80000)
  from space 512K, 58% used [0x00000000d5f00000,0x00000000d5f4a460,0x00000000d5f80000)
  to   space 512K, 0% used [0x00000000d5e80000,0x00000000d5e80000,0x00000000d5f00000)
 ParOldGen       total 401408K, used 401280K [0x0000000080000000, 0x0000000098800000, 0x00000000d5580000)
  object space 401408K, 99% used [0x0000000080000000,0x00000000987e0030,0x0000000098800000)
 Metaspace       used 53807K, committed 55040K, reserved 1114112K
  class space    used 5931K, committed 6464K, reserved 1048576K
}
Event: 406.559 GC heap before
{Heap before GC invocations=269 (full 2):
 PSYoungGen      total 5632K, used 5417K [0x00000000d5580000, 0x00000000d5f80000, 0x0000000100000000)
  eden space 5120K, 100% used [0x00000000d5580000,0x00000000d5a80000,0x00000000d5a80000)
  from space 512K, 58% used [0x00000000d5f00000,0x00000000d5f4a460,0x00000000d5f80000)
  to   space 512K, 0% used [0x00000000d5e80000,0x00000000d5e80000,0x00000000d5f00000)
 ParOldGen       total 401408K, used 401280K [0x0000000080000000, 0x0000000098800000, 0x00000000d5580000)
  object space 401408K, 99% used [0x0000000080000000,0x00000000987e0030,0x0000000098800000)
 Metaspace       used 54212K, committed 55488K, reserved 1114112K
  class space    used 5983K, committed 6528K, reserved 1048576K
}
Event: 406.562 GC heap after
{Heap after GC invocations=269 (full 2):
 PSYoungGen      total 5632K, used 160K [0x00000000d5580000, 0x00000000d5f80000, 0x0000000100000000)
  eden space 5120K, 0% used [0x00000000d5580000,0x00000000d5580000,0x00000000d5a80000)
  from space 512K, 31% used [0x00000000d5e80000,0x00000000d5ea8000,0x00000000d5f00000)
  to   space 512K, 0% used [0x00000000d5f00000,0x00000000d5f00000,0x00000000d5f80000)
 ParOldGen       total 401920K, used 401513K [0x0000000080000000, 0x0000000098880000, 0x00000000d5580000)
  object space 401920K, 99% used [0x0000000080000000,0x000000009881a4b0,0x0000000098880000)
 Metaspace       used 54212K, committed 55488K, reserved 1114112K
  class space    used 5983K, committed 6528K, reserved 1048576K
}
Event: 406.791 GC heap before
{Heap before GC invocations=270 (full 2):
 PSYoungGen      total 5632K, used 5280K [0x00000000d5580000, 0x00000000d5f80000, 0x0000000100000000)
  eden space 5120K, 100% used [0x00000000d5580000,0x00000000d5a80000,0x00000000d5a80000)
  from space 512K, 31% used [0x00000000d5e80000,0x00000000d5ea8000,0x00000000d5f00000)
  to   space 512K, 0% used [0x00000000d5f00000,0x00000000d5f00000,0x00000000d5f80000)
 ParOldGen       total 401920K, used 401513K [0x0000000080000000, 0x0000000098880000, 0x00000000d5580000)
  object space 401920K, 99% used [0x0000000080000000,0x000000009881a4b0,0x0000000098880000)
 Metaspace       used 54409K, committed 55680K, reserved 1114112K
  class space    used 6003K, committed 6528K, reserved 1048576K
}
Event: 406.794 GC heap after
{Heap after GC invocations=270 (full 2):
 PSYoungGen      total 5632K, used 224K [0x00000000d5580000, 0x00000000d5f80000, 0x0000000100000000)
  eden space 5120K, 0% used [0x00000000d5580000,0x00000000d5580000,0x00000000d5a80000)
  from space 512K, 43% used [0x00000000d5f00000,0x00000000d5f38000,0x00000000d5f80000)
  to   space 512K, 0% used [0x00000000d5e80000,0x00000000d5e80000,0x00000000d5f00000)
 ParOldGen       total 401920K, used 401585K [0x0000000080000000, 0x0000000098880000, 0x00000000d5580000)
  object space 401920K, 99% used [0x0000000080000000,0x000000009882c4b0,0x0000000098880000)
 Metaspace       used 54409K, committed 55680K, reserved 1114112K
  class space    used 6003K, committed 6528K, reserved 1048576K
}
Event: 406.919 GC heap before
{Heap before GC invocations=271 (full 2):
 PSYoungGen      total 5632K, used 5344K [0x00000000d5580000, 0x00000000d5f80000, 0x0000000100000000)
  eden space 5120K, 100% used [0x00000000d5580000,0x00000000d5a80000,0x00000000d5a80000)
  from space 512K, 43% used [0x00000000d5f00000,0x00000000d5f38000,0x00000000d5f80000)
  to   space 512K, 0% used [0x00000000d5e80000,0x00000000d5e80000,0x00000000d5f00000)
 ParOldGen       total 401920K, used 401585K [0x0000000080000000, 0x0000000098880000, 0x00000000d5580000)
  object space 401920K, 99% used [0x0000000080000000,0x000000009882c4b0,0x0000000098880000)
 Metaspace       used 54679K, committed 55936K, reserved 1114112K
  class space    used 6031K, committed 6592K, reserved 1048576K
}
Event: 406.923 GC heap after
{Heap after GC invocations=271 (full 2):
 PSYoungGen      total 5632K, used 494K [0x00000000d5580000, 0x00000000d5f80000, 0x0000000100000000)
  eden space 5120K, 0% used [0x00000000d5580000,0x00000000d5580000,0x00000000d5a80000)
  from space 512K, 96% used [0x00000000d5e80000,0x00000000d5efb988,0x00000000d5f00000)
  to   space 512K, 0% used [0x00000000d5f00000,0x00000000d5f00000,0x00000000d5f80000)
 ParOldGen       total 402944K, used 402773K [0x0000000080000000, 0x0000000098980000, 0x00000000d5580000)
  object space 402944K, 99% used [0x0000000080000000,0x00000000989557d0,0x0000000098980000)
 Metaspace       used 54679K, committed 55936K, reserved 1114112K
  class space    used 6031K, committed 6592K, reserved 1048576K
}
Event: 407.124 GC heap before
{Heap before GC invocations=272 (full 2):
 PSYoungGen      total 5632K, used 5614K [0x00000000d5580000, 0x00000000d5f80000, 0x0000000100000000)
  eden space 5120K, 100% used [0x00000000d5580000,0x00000000d5a80000,0x00000000d5a80000)
  from space 512K, 96% used [0x00000000d5e80000,0x00000000d5efb988,0x00000000d5f00000)
  to   space 512K, 0% used [0x00000000d5f00000,0x00000000d5f00000,0x00000000d5f80000)
 ParOldGen       total 402944K, used 402773K [0x0000000080000000, 0x0000000098980000, 0x00000000d5580000)
  object space 402944K, 99% used [0x0000000080000000,0x00000000989557d0,0x0000000098980000)
 Metaspace       used 55064K, committed 56320K, reserved 1114112K
  class space    used 6085K, committed 6592K, reserved 1048576K
}
Event: 407.126 GC heap after
{Heap after GC invocations=272 (full 2):
 PSYoungGen      total 5632K, used 160K [0x00000000d5580000, 0x00000000d5f80000, 0x0000000100000000)
  eden space 5120K, 0% used [0x00000000d5580000,0x00000000d5580000,0x00000000d5a80000)
  from space 512K, 31% used [0x00000000d5f00000,0x00000000d5f28000,0x00000000d5f80000)
  to   space 1024K, 0% used [0x00000000d5d80000,0x00000000d5d80000,0x00000000d5e80000)
 ParOldGen       total 402944K, used 402877K [0x0000000080000000, 0x0000000098980000, 0x00000000d5580000)
  object space 402944K, 99% used [0x0000000080000000,0x000000009896f7d0,0x0000000098980000)
 Metaspace       used 55064K, committed 56320K, reserved 1114112K
  class space    used 6085K, committed 6592K, reserved 1048576K
}
Event: 407.489 GC heap before
{Heap before GC invocations=273 (full 2):
 PSYoungGen      total 5632K, used 5280K [0x00000000d5580000, 0x00000000d5f80000, 0x0000000100000000)
  eden space 5120K, 100% used [0x00000000d5580000,0x00000000d5a80000,0x00000000d5a80000)
  from space 512K, 31% used [0x00000000d5f00000,0x00000000d5f28000,0x00000000d5f80000)
  to   space 1024K, 0% used [0x00000000d5d80000,0x00000000d5d80000,0x00000000d5e80000)
 ParOldGen       total 402944K, used 402877K [0x0000000080000000, 0x0000000098980000, 0x00000000d5580000)
  object space 402944K, 99% used [0x0000000080000000,0x000000009896f7d0,0x0000000098980000)
 Metaspace       used 55451K, committed 56704K, reserved 1114112K
  class space    used 6134K, committed 6656K, reserved 1048576K
}
Event: 407.492 GC heap after
{Heap after GC invocations=273 (full 2):
 PSYoungGen      total 6144K, used 456K [0x00000000d5580000, 0x00000000d5f80000, 0x0000000100000000)
  eden space 5120K, 0% used [0x00000000d5580000,0x00000000d5580000,0x00000000d5a80000)
  from space 1024K, 44% used [0x00000000d5d80000,0x00000000d5df2338,0x00000000d5e80000)
  to   space 1024K, 0% used [0x00000000d5e80000,0x00000000d5e80000,0x00000000d5f80000)
 ParOldGen       total 403456K, used 403011K [0x0000000080000000, 0x0000000098a00000, 0x00000000d5580000)
  object space 403456K, 99% used [0x0000000080000000,0x0000000098990f28,0x0000000098a00000)
 Metaspace       used 55451K, committed 56704K, reserved 1114112K
  class space    used 6134K, committed 6656K, reserved 1048576K
}
Event: 407.665 GC heap before
{Heap before GC invocations=274 (full 2):
 PSYoungGen      total 6144K, used 5576K [0x00000000d5580000, 0x00000000d5f80000, 0x0000000100000000)
  eden space 5120K, 100% used [0x00000000d5580000,0x00000000d5a80000,0x00000000d5a80000)
  from space 1024K, 44% used [0x00000000d5d80000,0x00000000d5df2338,0x00000000d5e80000)
  to   space 1024K, 0% used [0x00000000d5e80000,0x00000000d5e80000,0x00000000d5f80000)
 ParOldGen       total 403456K, used 403011K [0x0000000080000000, 0x0000000098a00000, 0x00000000d5580000)
  object space 403456K, 99% used [0x0000000080000000,0x0000000098990f28,0x0000000098a00000)
 Metaspace       used 55887K, committed 57152K, reserved 1114112K
  class space    used 6183K, committed 6720K, reserved 1048576K
}
Event: 407.671 GC heap after
{Heap after GC invocations=274 (full 2):
 PSYoungGen      total 6144K, used 1008K [0x00000000d5580000, 0x00000000d6080000, 0x0000000100000000)
  eden space 5120K, 0% used [0x00000000d5580000,0x00000000d5580000,0x00000000d5a80000)
  from space 1024K, 98% used [0x00000000d5e80000,0x00000000d5f7c2f0,0x00000000d5f80000)
  to   space 3072K, 0% used [0x00000000d5a80000,0x00000000d5a80000,0x00000000d5d80000)
 ParOldGen       total 404480K, used 404362K [0x0000000080000000, 0x0000000098b00000, 0x00000000d5580000)
  object space 404480K, 99% used [0x0000000080000000,0x0000000098ae2928,0x0000000098b00000)
 Metaspace       used 55887K, committed 57152K, reserved 1114112K
  class space    used 6183K, committed 6720K, reserved 1048576K
}

